<?xml version="1.0" encoding="UTF-8"?>
<testsuite name="TodoMVCReactPageTest" tests="9" skipped="0" failures="0" errors="0" timestamp="2025-05-23T09:24:40" hostname="MASTUDENT-Awale-Jama-FVFLF1Z41WFY.local" time="1.308">
  <properties/>
  <testcase name="shouldAddOneCharacterToTheToDoList()" classname="TodoMVCReactPageTest" time="0.44"/>
  <testcase name="shouldAddTwoCharactersToTheToDoList()" classname="TodoMVCReactPageTest" time="0.145"/>
  <testcase name="shouldAddItemToTheToDoList()" classname="TodoMVCReactPageTest" time="0.067"/>
  <testcase name="shouldAddEmojisToTheToDoList()" classname="TodoMVCReactPageTest" time="0.069"/>
  <testcase name="shouldAddEmptyItemToTheToDoList()" classname="TodoMVCReactPageTest" time="0.05"/>
  <testcase name="shouldDeleteitemFromToDoList()" classname="TodoMVCReactPageTest" time="0.224"/>
  <testcase name="shouldAddAccentedCharactersToTheToDoList()" classname="TodoMVCReactPageTest" time="0.06"/>
  <testcase name="shouldAddMultipleItemsToTheToDoList()" classname="TodoMVCReactPageTest" time="0.186"/>
  <testcase name="shouldAddSpecialCharactersToTheToDoList()" classname="TodoMVCReactPageTest" time="0.061"/>
  <system-out><![CDATA[]]></system-out>
  <system-err><![CDATA[May 23, 2025 10:24:40 AM org.openqa.selenium.devtools.CdpVersionFinder findNearestMatch
WARNING: Unable to find an exact match for CDP version 136, returning the closest version; found: 132; Please update to a Selenium version that supports CDP version 136
]]></system-err>
</testsuite>
