<?xml version="1.0" encoding="UTF-8"?>
<testsuite name="TodoMVCReactPageTest" tests="1" skipped="0" failures="0" errors="0" timestamp="2025-05-22T11:36:25" hostname="MASTUDENT-Awale-Jama-FVFLF1Z41WFY.local" time="0.771">
  <properties/>
  <testcase name="shouldAddMultipleItemsToTheToDoList()" classname="TodoMVCReactPageTest" time="0.771"/>
  <system-out><![CDATA[]]></system-out>
  <system-err><![CDATA[May 22, 2025 12:36:25 PM org.openqa.selenium.devtools.CdpVersionFinder findNearestMatch
WARNING: Unable to find an exact match for CDP version 136, returning the closest version; found: 132; Please update to a Selenium version that supports CDP version 136
]]></system-err>
</testsuite>
